<?xml version="1.0" encoding="UTF-8"?>
<testng-results ignored="0" total="1" passed="1" failed="0" skipped="0">
  <reporter-output>
  </reporter-output>
  <suite started-at="2024-05-24T09:48:16 IST" name="Surefire suite" finished-at="2024-05-24T09:48:50 IST" duration-ms="33599">
    <groups>
    </groups>
    <test started-at="2024-05-24T09:48:16 IST" name="Surefire test" finished-at="2024-05-24T09:48:50 IST" duration-ms="33599">
      <class name="demo.MavenParameterTest">
        <test-method signature="recieveData()[pri:0, instance:demo.MavenParameterTest@2fd6b6c7]" started-at="2024-05-24T09:48:16 IST" name="recieveData" finished-at="2024-05-24T09:48:50 IST" duration-ms="33565" status="PASS">
          <reporter-output>
          </reporter-output>
        </test-method> <!-- recieveData -->
      </class> <!-- demo.MavenParameterTest -->
    </test> <!-- Surefire test -->
  </suite> <!-- Surefire suite -->
</testng-results>
