<?xml version="1.0" encoding="UTF-8"?>
<!-- Generated by org.testng.reporters.JUnitXMLReporter -->
<testsuite ignored="2" hostname="Abhijith" failures="0" tests="2" name="Test" time="93.111" errors="0" timestamp="2024-05-24T09:16:27 IST">
  <testcase classname="cars.FerrariTest" name="launch" time="79.791"/>
  <testcase classname="cars.FordTest" name="launch" time="13.284"/>
  <testcase classname="cars.LamborghiniTest" name="launch" time="0.0">
    <ignored/>
  </testcase> <!-- launch -->
  <testcase classname="cars.TataTest" name="launch" time="0.0">
    <ignored/>
  </testcase> <!-- launch -->
</testsuite> <!-- Test -->
